
--- 2025-07-06 17:39:57 [update.sh invocation] ./update.sh --deps ---
[INFO] Updating Python dependencies...
[INFO] Upgrading pip...
[INFO] Updating requirements...
[INFO] Generating updated requirements.txt...
[INFO] Changes in dependencies:
[INFO] Dependencies updated successfully!

--- 2025-07-06 17:40:25 [update.sh invocation] ./update.sh --deps ---
[INFO] Updating Python dependencies...
[INFO] Upgrading pip...
[INFO] Updating requirements...
[INFO] Generating updated requirements.txt...
[INFO] Changes in dependencies:
[INFO] Dependencies updated successfully!

--- 2025-07-06 17:42:51 [update.sh invocation] ./update.sh --help ---

--- 2025-07-06 17:42:59 [update.sh invocation] ./update.sh --stop ---
[INFO] Stopping ChastiPi application...
[INFO] ChastiPi is not currently running

--- 2025-07-06 17:43:12 [update.sh invocation] ./update.sh  ---
[INFO] Stopping ChastiPi application...
[INFO] ChastiPi is not currently running

--- 2025-07-06 19:50:52 [update.sh invocation] ./update.sh --help ---

--- 2025-07-06 19:51:05 [update.sh invocation] ./update.sh  ---
[INFO] Exiting...
